{"level":"info","message":"Server running on port 4000 in development mode","service":"user-service","timestamp":"2026-02-06T08:31:40.028Z"}
{"level":"info","message":"Server running on port 4000 in development mode","service":"user-service","timestamp":"2026-02-06T15:38:05.465Z"}
{"level":"info","message":"Server running on port 4000 in development mode","service":"user-service","timestamp":"2026-02-06T15:44:07.859Z"}
{"level":"info","message":"Server running on port 4000 in development mode","service":"user-service","timestamp":"2026-02-06T15:51:15.570Z"}
{"code":"PGRST205","details":null,"hint":null,"level":"error","message":"Error fetching products: Could not find the table 'public.products' in the schema cache","service":"user-service","timestamp":"2026-02-06T15:52:39.652Z"}
{"code":"PGRST205","details":null,"hint":null,"level":"error","message":"Error fetching products: Could not find the table 'public.products' in the schema cache","service":"user-service","timestamp":"2026-02-06T15:52:39.735Z"}
{"code":"PGRST205","details":null,"hint":null,"level":"error","message":"Error fetching products: Could not find the table 'public.products' in the schema cache","service":"user-service","timestamp":"2026-02-06T15:53:05.119Z"}
{"code":"PGRST205","details":null,"hint":null,"level":"error","message":"Error fetching products: Could not find the table 'public.products' in the schema cache","service":"user-service","timestamp":"2026-02-06T15:53:05.196Z"}
{"level":"info","message":"Server running on port 4000 in development mode","service":"user-service","timestamp":"2026-02-06T15:57:37.863Z"}
{"level":"info","message":"Server running on port 4000 in development mode","service":"user-service","timestamp":"2026-02-06T15:57:39.650Z"}
{"level":"info","message":"Server running on port 4000 in development mode","service":"user-service","timestamp":"2026-02-06T15:57:41.659Z"}
{"level":"info","message":"Server running on port 4000 in development mode","service":"user-service","timestamp":"2026-02-07T03:30:21.952Z"}
{"level":"info","message":"Server running on port 4000 in development mode","service":"user-service","timestamp":"2026-02-07T03:30:23.366Z"}
{"level":"info","message":"Server running on port 4000 in development mode","service":"user-service","timestamp":"2026-02-07T03:59:32.921Z"}
{"level":"info","message":"Server running on port 4000 in development mode","service":"user-service","timestamp":"2026-02-07T04:00:55.311Z"}
{"level":"info","message":"Server running on port 4000 in development mode","service":"user-service","timestamp":"2026-02-07T04:04:51.424Z"}
{"level":"info","message":"Server running on port 4000 in development mode","service":"user-service","timestamp":"2026-02-07T04:34:21.373Z"}
{"level":"info","message":"Server running on port 4000 in development mode","service":"user-service","timestamp":"2026-02-07T04:35:10.022Z"}
{"level":"info","message":"Server running on port 4000 in development mode","service":"user-service","timestamp":"2026-02-07T05:03:06.291Z"}
{"level":"info","message":"Server running on port 4000 in development mode","service":"user-service","timestamp":"2026-02-07T05:03:16.577Z"}
{"level":"info","message":"Server running on port 4000 in development mode","service":"user-service","timestamp":"2026-02-08T05:00:25.685Z"}
{"level":"info","message":"Server running on port 4000 in development mode","service":"user-service","timestamp":"2026-02-08T05:10:24.717Z"}
{"level":"info","message":"Server running on port 4000 in development mode","service":"user-service","timestamp":"2026-02-10T03:58:21.269Z"}
{"level":"info","message":"Server running on port 4000 in development mode","service":"user-service","timestamp":"2026-02-10T08:11:46.170Z"}
{"level":"info","message":"Server running on port 4000 in development mode","service":"user-service","timestamp":"2026-02-10T08:31:13.869Z"}
{"level":"info","message":"Server running on port 4000 in development mode","service":"user-service","timestamp":"2026-02-10T08:38:25.127Z"}
{"level":"info","message":"Server running on port 4000 in development mode","service":"user-service","timestamp":"2026-02-11T08:30:24.730Z"}
{"level":"info","message":"Server running on port 4000 in development mode","service":"user-service","timestamp":"2026-02-11T08:40:59.671Z"}
{"level":"info","message":"Server running on port 4000 in development mode","service":"user-service","timestamp":"2026-02-11T17:49:28.588Z"}
{"level":"info","message":"Server running on port 4000 in development mode","service":"user-service","timestamp":"2026-02-11T17:50:01.484Z"}
{"level":"info","message":"Server running on port 4000 in development mode","service":"user-service","timestamp":"2026-02-11T17:50:30.772Z"}
{"level":"info","message":"Server running on port 4000 in development mode","service":"user-service","timestamp":"2026-02-11T17:50:32.596Z"}
{"level":"info","message":"Server running on port 4000 in development mode","service":"user-service","timestamp":"2026-02-12T02:03:37.417Z"}
{"level":"info","message":"Server running on port 4000 in development mode","service":"user-service","timestamp":"2026-02-12T02:12:15.504Z"}
{"level":"info","message":"Server running on port 4000 in development mode","service":"user-service","timestamp":"2026-02-12T02:12:23.474Z"}
{"level":"info","message":"Server running on port 4000 in development mode","service":"user-service","timestamp":"2026-02-12T06:18:20.399Z"}
{"level":"info","message":"Server running on port 4000 in development mode","service":"user-service","timestamp":"2026-02-12T06:27:52.798Z"}
{"level":"info","message":"Server running on port 4000 in development mode","service":"user-service","timestamp":"2026-02-12T06:35:24.808Z"}
{"level":"info","message":"Server running on port 4000 in development mode","service":"user-service","timestamp":"2026-02-12T06:50:44.041Z"}
{"level":"info","message":"Server running on port 4000 in development mode","service":"user-service","timestamp":"2026-02-12T06:51:10.693Z"}
{"level":"info","message":"Server running on port 4000 in development mode","service":"user-service","timestamp":"2026-02-12T07:01:32.387Z"}
{"level":"info","message":"Server running on port 4000 in development mode","service":"user-service","timestamp":"2026-02-12T07:07:55.636Z"}
{"level":"info","message":"Server running on port 4000 in development mode","service":"user-service","timestamp":"2026-02-12T07:22:11.964Z"}
{"level":"info","message":"Server running on port 4000 in development mode","service":"user-service","timestamp":"2026-02-12T07:22:41.109Z"}
{"level":"info","message":"Server running on port 4000 in development mode","service":"user-service","timestamp":"2026-02-12T13:48:26.533Z"}
{"level":"info","message":"Server running on port 4000 in development mode","service":"user-service","timestamp":"2026-02-12T17:24:36.345Z"}
{"level":"info","message":"Server running on port 4000 in development mode","service":"user-service","timestamp":"2026-02-12T17:28:44.731Z"}
{"level":"info","message":"Server running on port 4000 in development mode","service":"user-service","timestamp":"2026-02-13T01:32:20.840Z"}
{"level":"info","message":"Server running on port 4000 in development mode","service":"user-service","timestamp":"2026-02-13T05:03:48.526Z"}
{"level":"info","message":"Server running on port 4000 in development mode","service":"user-service","timestamp":"2026-02-13T05:12:52.896Z"}
{"level":"info","message":"Server running on port 4000 in development mode","service":"user-service","timestamp":"2026-02-13T05:12:59.743Z"}
{"level":"info","message":"Server running on port 4000 in development mode","service":"user-service","timestamp":"2026-02-13T05:13:56.657Z"}
{"level":"info","message":"Server running on port 4000 in development mode","service":"user-service","timestamp":"2026-02-13T05:14:10.452Z"}
{"level":"info","message":"Server running on port 4000 in development mode","service":"user-service","timestamp":"2026-02-13T05:14:52.120Z"}
{"level":"info","message":"Server running on port 4000 in development mode","service":"user-service","timestamp":"2026-02-13T05:15:41.946Z"}
{"level":"info","message":"Server running on port 4000 in development mode","service":"user-service","timestamp":"2026-02-13T06:05:01.951Z"}
{"code":"22001","details":null,"hint":null,"level":"error","message":"ERROR 💥: value too long for type character varying(60)","service":"user-service","timestamp":"2026-02-13T06:18:54.154Z"}
{"code":"22001","details":null,"hint":null,"level":"error","message":"ERROR 💥: value too long for type character varying(60)","service":"user-service","timestamp":"2026-02-13T06:19:01.033Z"}
{"code":"22001","details":null,"hint":null,"level":"error","message":"ERROR 💥: value too long for type character varying(60)","service":"user-service","timestamp":"2026-02-13T06:19:16.846Z"}
{"code":"22001","details":null,"hint":null,"level":"error","message":"ERROR 💥: value too long for type character varying(60)","service":"user-service","timestamp":"2026-02-13T06:19:25.642Z"}
{"code":"23502","details":"Failing row contains (5dea382e-88ca-4990-8201-372aa8e603bd, null, Jogger Cargo Fit Hombre 2026, Men’s Cargo Fit Jogger 2026, , Descubre el nuevo Jogger Cargo Fit Hombre 2026 de Matteo Salvato..., , bottoms, joggers, 159.00, f, t, , null, , , 2026-02-13 06:19:32.398548+00, 2026-02-13 06:19:32.398548+00, , null).","hint":null,"level":"error","message":"ERROR 💥: null value in column \"sku\" of relation \"products\" violates not-null constraint","service":"user-service","timestamp":"2026-02-13T06:19:32.412Z"}
{"code":"23502","details":"Failing row contains (10de6f13-1a0a-40e6-9dd7-475f1879de64, null, Jogger Cargo Fit Hombre 2026, Men’s Cargo Fit Jogger 2026, , Descubre el nuevo Jogger Cargo Fit Hombre 2026 de Matteo Salvato..., , bottoms, joggers, 159.00, f, t, , null, , , 2026-02-13 06:19:52.441108+00, 2026-02-13 06:19:52.441108+00, , null).","hint":null,"level":"error","message":"ERROR 💥: null value in column \"sku\" of relation \"products\" violates not-null constraint","service":"user-service","timestamp":"2026-02-13T06:19:52.446Z"}
{"level":"info","message":"Server running on port 4000 in development mode","service":"user-service","timestamp":"2026-02-13T06:58:48.337Z"}
{"level":"info","message":"Server running on port 4000 in development mode","service":"user-service","timestamp":"2026-02-13T07:02:39.119Z"}
{"level":"info","message":"Server running on port 4000 in development mode","service":"user-service","timestamp":"2026-02-13T07:07:49.482Z"}
{"code":"PGRST204","details":null,"hint":null,"level":"error","message":"Error inserting images: Could not find the 'color' column of 'product_images' in the schema cache","service":"user-service","timestamp":"2026-02-13T07:35:43.823Z"}
{"code":"23502","details":"Failing row contains (c4c1cd34-baaa-4198-b9df-b95e128fa92e, 987abbf0-3eca-4ba5-97cd-615af86772d8, S, Black, null, null, 10, 0.00, t, 2026-02-13 07:35:44.025993+00).","hint":null,"level":"error","message":"Error inserting variants: null value in column \"sku_variant\" of relation \"product_variants\" violates not-null constraint","service":"user-service","timestamp":"2026-02-13T07:35:44.213Z"}
{"level":"info","message":"Server running on port 4000 in development mode","service":"user-service","timestamp":"2026-02-13T08:18:19.397Z"}
{"level":"info","message":"Server running on port 4000 in development mode","service":"user-service","timestamp":"2026-02-13T08:19:01.095Z"}
{"level":"info","message":"Server running on port 4000 in development mode","service":"user-service","timestamp":"2026-02-13T09:11:02.590Z"}
{"level":"info","message":"Server running on port 4000 in development mode","service":"user-service","timestamp":"2026-02-13T09:14:00.231Z"}
{"level":"info","message":"Server running on port 4000 in development mode","service":"user-service","timestamp":"2026-02-13T09:14:37.814Z"}
{"level":"info","message":"Server running on port 4000 in development mode","service":"user-service","timestamp":"2026-02-13T10:02:37.424Z"}
{"level":"info","message":"Server running on port 4000 in development mode","service":"user-service","timestamp":"2026-02-13T10:03:01.693Z"}
{"level":"info","message":"Server running on port 4000 in development mode","service":"user-service","timestamp":"2026-02-13T10:03:21.041Z"}
{"code":"PGRST204","details":null,"hint":null,"level":"error","message":"Error inserting variants on update: Could not find the 'price_adjustment' column of 'product_variants' in the schema cache","service":"user-service","timestamp":"2026-02-13T10:50:13.604Z"}
{"level":"info","message":"Server running on port 4000 in development mode","service":"user-service","timestamp":"2026-02-14T07:54:23.415Z"}
{"level":"info","message":"Server running on port 4000 in development mode","service":"user-service","timestamp":"2026-02-14T08:04:22.758Z"}
{"level":"info","message":"Server running on port 4000 in development mode","service":"user-service","timestamp":"2026-02-14T08:04:56.450Z"}
{"code":"PGRST204","details":null,"hint":null,"level":"error","message":"Error inserting variants on update: Could not find the 'price_adjustment' column of 'product_variants' in the schema cache","service":"user-service","timestamp":"2026-02-14T09:08:22.758Z"}
{"code":"PGRST204","details":null,"hint":null,"level":"error","message":"Error inserting variants on update: Could not find the 'price_adjustment' column of 'product_variants' in the schema cache","service":"user-service","timestamp":"2026-02-14T09:09:04.182Z"}
{"code":"PGRST204","details":null,"hint":null,"level":"error","message":"Error inserting variants on update: Could not find the 'price_adjustment' column of 'product_variants' in the schema cache","service":"user-service","timestamp":"2026-02-14T09:30:12.790Z"}
{"code":"PGRST204","details":null,"hint":null,"level":"error","message":"Error inserting variants on update: Could not find the 'price_adjustment' column of 'product_variants' in the schema cache","service":"user-service","timestamp":"2026-02-14T09:47:17.497Z"}
{"code":"PGRST204","details":null,"hint":null,"level":"error","message":"Error inserting variants on update: Could not find the 'price_adjustment' column of 'product_variants' in the schema cache","service":"user-service","timestamp":"2026-02-14T11:11:23.323Z"}
